Using pre-set license
Built from '6000.0/staging' branch; Version is '6000.0.24f1 (11fa355cd605) revision 1178165'; Using compiler version '193933523'; Build Type 'Release'
OS: 'Windows 11  (10.0.26100) 64bit Core' Language: 'ko' Physical Memory: 16317 MB
BatchMode: 1, IsHumanControllingUs: 0, StartBugReporterOnCrash: 0, Is64bit: 1, IsPro: 1

COMMAND LINE ARGUMENTS:
C:\Program Files\Unity\Hub\Editor\6000.0.24f1\Editor\Unity.exe
-adb2
-batchMode
-noUpm
-name
AssetImportWorker1
-projectPath
C:/Users/nwond/OneDrive/바탕 화면/Photon-Server/Photon Server
-logFile
Logs/AssetImportWorker1.log
-srvPort
60451
-job-worker-count
5
-background-job-worker-count
8
-asset-garbage-collectors
1
Successfully changed project path to: C:/Users/nwond/OneDrive/바탕 화면/Photon-Server/Photon Server
C:/Users/nwond/OneDrive/바탕 화면/Photon-Server/Photon Server
[UnityMemory] Configuration Parameters - Can be set up in boot.config
    "memorysetup-bucket-allocator-granularity=16"
    "memorysetup-bucket-allocator-bucket-count=8"
    "memorysetup-bucket-allocator-block-size=33554432"
    "memorysetup-bucket-allocator-block-count=8"
    "memorysetup-main-allocator-block-size=16777216"
    "memorysetup-thread-allocator-block-size=16777216"
    "memorysetup-gfx-main-allocator-block-size=16777216"
    "memorysetup-gfx-thread-allocator-block-size=16777216"
    "memorysetup-cache-allocator-block-size=4194304"
    "memorysetup-typetree-allocator-block-size=2097152"
    "memorysetup-profiler-bucket-allocator-granularity=16"
    "memorysetup-profiler-bucket-allocator-bucket-count=8"
    "memorysetup-profiler-bucket-allocator-block-size=33554432"
    "memorysetup-profiler-bucket-allocator-block-count=8"
    "memorysetup-profiler-allocator-block-size=16777216"
    "memorysetup-profiler-editor-allocator-block-size=1048576"
    "memorysetup-temp-allocator-size-main=16777216"
    "memorysetup-job-temp-allocator-block-size=2097152"
    "memorysetup-job-temp-allocator-block-size-background=1048576"
    "memorysetup-job-temp-allocator-reduction-small-platforms=262144"
    "memorysetup-allocator-temp-initial-block-size-main=262144"
    "memorysetup-allocator-temp-initial-block-size-worker=262144"
    "memorysetup-temp-allocator-size-background-worker=32768"
    "memorysetup-temp-allocator-size-job-worker=262144"
    "memorysetup-temp-allocator-size-preload-manager=33554432"
    "memorysetup-temp-allocator-size-nav-mesh-worker=65536"
    "memorysetup-temp-allocator-size-audio-worker=65536"
    "memorysetup-temp-allocator-size-cloud-worker=32768"
    "memorysetup-temp-allocator-size-gi-baking-worker=262144"
    "memorysetup-temp-allocator-size-gi-baking-worker=262144"
    "memorysetup-temp-allocator-size-gi-baking-worker=262144"
    "memorysetup-temp-allocator-size-gi-baking-worker=262144"
    "memorysetup-temp-allocator-size-gi-baking-worker=262144"
    "memorysetup-temp-allocator-size-gfx=262144"
Player connection [22872]  Target information:

Player connection [22872]  * "[IP] 192.168.219.101 [Port] 0 [Flags] 2 [Guid] 3739051235 [EditorId] 3739051235 [Version] 1048832 [Id] WindowsEditor(7,Dinosaur) [Debug] 1 [PackageName] WindowsEditor [ProjectName] Editor" 

Player connection [22872] Host joined multi-casting on [225.0.0.222:54997]...
Player connection [22872] Host joined alternative multi-casting on [225.0.0.222:34997]...
JobSystem: Creating JobQueue using job-worker-count value 5
[Physics::Module] Initialized fallback backend.
[Physics::Module] Id: 0xdecafbad
Library Redirect Path: Library/
[Physics::Module] Selected backend.
[Physics::Module] Name: PhysX
[Physics::Module] Id: 0xf2b8ea05
[Physics::Module] SDK Version: 4.1.2
[Physics::Module] Integration Version: 1.0.0
[Physics::Module] Threading Mode: Multi-Threaded
Refreshing native plugins compatible for Editor in 15.74 ms, found 6 plugins.
Preloading 0 native plugins for Editor in 0.00 ms.
Initialize engine version: 6000.0.24f1 (11fa355cd605)
[Subsystems] Discovering subsystems at path C:/Program Files/Unity/Hub/Editor/6000.0.24f1/Editor/Data/Resources/UnitySubsystems
[Subsystems] Discovering subsystems at path C:/Users/nwond/OneDrive/바탕 화면/Photon-Server/Photon Server/Assets
GfxDevice: creating device client; kGfxThreadingModeNonThreaded
Direct3D:
    Version:  Direct3D 11.0 [level 11.1]
    Renderer: NVIDIA GeForce RTX 3060 (ID=0x2544)
    Vendor:   NVIDIA
    VRAM:     8036 MB
    Driver:   32.0.15.7283
Initialize mono
Mono path[0] = 'C:/Program Files/Unity/Hub/Editor/6000.0.24f1/Editor/Data/Managed'
Mono path[1] = 'C:/Program Files/Unity/Hub/Editor/6000.0.24f1/Editor/Data/MonoBleedingEdge/lib/mono/unityjit-win32'
Mono config path = 'C:/Program Files/Unity/Hub/Editor/6000.0.24f1/Editor/Data/MonoBleedingEdge/etc'
Using monoOptions --debugger-agent=transport=dt_socket,embedding=1,server=y,suspend=n,address=127.0.0.1:56704
Begin MonoManager ReloadAssembly
Registering precompiled unity dll's ...
Register platform support module: C:/Program Files/Unity/Hub/Editor/6000.0.24f1/Editor/Data/PlaybackEngines/WindowsStandaloneSupport/UnityEditor.WindowsStandalone.Extensions.dll
Register platform support module: C:/Program Files/Unity/Hub/Editor/6000.0.24f1/Editor/Data/PlaybackEngines/AndroidPlayer/UnityEditor.Android.Extensions.dll
Registered in 0.005846 seconds.
- Loaded All Assemblies, in  0.525 seconds
Native extension for Android target not found
Android Extension - Scanning For ADB Devices 436 ms
Native extension for WindowsStandalone target not found
Mono: successfully reloaded assembly
- Finished resetting the current domain, in  0.936 seconds
Domain Reload Profiling: 1457ms
	BeginReloadAssembly (192ms)
		ExecutionOrderSort (0ms)
		DisableScriptedObjects (0ms)
		BackupInstance (0ms)
		ReleaseScriptingObjects (0ms)
		CreateAndSetChildDomain (1ms)
	RebuildCommonClasses (47ms)
	RebuildNativeTypeToScriptingClass (15ms)
	initialDomainReloadingComplete (63ms)
	LoadAllAssembliesAndSetupDomain (204ms)
		LoadAssemblies (188ms)
		RebuildTransferFunctionScriptingTraits (0ms)
		AnalyzeDomain (199ms)
			TypeCache.Refresh (198ms)
				TypeCache.ScanAssembly (178ms)
			BuildScriptInfoCaches (0ms)
			ResolveRequiredComponents (0ms)
	FinalizeReload (936ms)
		ReleaseScriptCaches (0ms)
		RebuildScriptCaches (0ms)
		SetupLoadedEditorAssemblies (888ms)
			LogAssemblyErrors (0ms)
			InitializePlatformSupportModulesInManaged (536ms)
			SetLoadedEditorAssemblies (4ms)
			BeforeProcessingInitializeOnLoad (7ms)
			ProcessInitializeOnLoadAttributes (237ms)
			ProcessInitializeOnLoadMethodAttributes (100ms)
			AfterProcessingInitializeOnLoad (4ms)
			EditorAssembliesLoaded (0ms)
		ExecutionOrderSort2 (0ms)
		AwakeInstancesAfterBackupRestoration (0ms)
========================================================================
Worker process is ready to serve import requests
Import Worker Mode flag is 0x00
Begin MonoManager ReloadAssembly
- Loaded All Assemblies, in  1.329 seconds
Refreshing native plugins compatible for Editor in 12.06 ms, found 6 plugins.
Native extension for Android target not found
Native extension for WindowsStandalone target not found
Refreshing native plugins compatible for Editor in 11.28 ms, found 6 plugins.
Mono: successfully reloaded assembly
- Finished resetting the current domain, in  1.298 seconds
Domain Reload Profiling: 2621ms
	BeginReloadAssembly (470ms)
		ExecutionOrderSort (0ms)
		DisableScriptedObjects (6ms)
		BackupInstance (0ms)
		ReleaseScriptingObjects (0ms)
		CreateAndSetChildDomain (34ms)
	RebuildCommonClasses (45ms)
	RebuildNativeTypeToScriptingClass (14ms)
	initialDomainReloadingComplete (45ms)
	LoadAllAssembliesAndSetupDomain (748ms)
		LoadAssemblies (547ms)
		RebuildTransferFunctionScriptingTraits (0ms)
		AnalyzeDomain (342ms)
			TypeCache.Refresh (276ms)
				TypeCache.ScanAssembly (257ms)
			BuildScriptInfoCaches (53ms)
			ResolveRequiredComponents (8ms)
	FinalizeReload (1299ms)
		ReleaseScriptCaches (0ms)
		RebuildScriptCaches (0ms)
		SetupLoadedEditorAssemblies (1030ms)
			LogAssemblyErrors (0ms)
			InitializePlatformSupportModulesInManaged (15ms)
			SetLoadedEditorAssemblies (4ms)
			BeforeProcessingInitializeOnLoad (110ms)
			ProcessInitializeOnLoadAttributes (859ms)
			ProcessInitializeOnLoadMethodAttributes (33ms)
			AfterProcessingInitializeOnLoad (9ms)
			EditorAssembliesLoaded (0ms)
		ExecutionOrderSort2 (0ms)
		AwakeInstancesAfterBackupRestoration (18ms)
Launched and connected shader compiler UnityShaderCompiler.exe after 0.02 seconds
Refreshing native plugins compatible for Editor in 24.41 ms, found 6 plugins.
Preloading 0 native plugins for Editor in 0.00 ms.
Unloading 25 Unused Serialized files (Serialized files now loaded: 0)
Unloading 3861 unused Assets / (1.2 MB). Loaded Objects now: 4429.
Memory consumption went from 122.6 MB to 121.4 MB.
Total: 15.040300 ms (FindLiveObjects: 1.330500 ms CreateObjectMapping: 0.369400 ms MarkObjects: 10.767000 ms  DeleteObjects: 2.571400 ms)

========================================================================
Received Prepare
Begin MonoManager ReloadAssembly
- Loaded All Assemblies, in  0.843 seconds
Refreshing native plugins compatible for Editor in 11.98 ms, found 6 plugins.
Native extension for Android target not found
Native extension for WindowsStandalone target not found
Mono: successfully reloaded assembly
- Finished resetting the current domain, in  1.101 seconds
Domain Reload Profiling: 1939ms
	BeginReloadAssembly (243ms)
		ExecutionOrderSort (0ms)
		DisableScriptedObjects (5ms)
		BackupInstance (0ms)
		ReleaseScriptingObjects (0ms)
		CreateAndSetChildDomain (54ms)
	RebuildCommonClasses (51ms)
	RebuildNativeTypeToScriptingClass (14ms)
	initialDomainReloadingComplete (34ms)
	LoadAllAssembliesAndSetupDomain (495ms)
		LoadAssemblies (438ms)
		RebuildTransferFunctionScriptingTraits (0ms)
		AnalyzeDomain (196ms)
			TypeCache.Refresh (11ms)
				TypeCache.ScanAssembly (3ms)
			BuildScriptInfoCaches (172ms)
			ResolveRequiredComponents (9ms)
	FinalizeReload (1102ms)
		ReleaseScriptCaches (0ms)
		RebuildScriptCaches (0ms)
		SetupLoadedEditorAssemblies (832ms)
			LogAssemblyErrors (0ms)
			InitializePlatformSupportModulesInManaged (13ms)
			SetLoadedEditorAssemblies (3ms)
			BeforeProcessingInitializeOnLoad (58ms)
			ProcessInitializeOnLoadAttributes (723ms)
			ProcessInitializeOnLoadMethodAttributes (26ms)
			AfterProcessingInitializeOnLoad (9ms)
			EditorAssembliesLoaded (0ms)
		ExecutionOrderSort2 (0ms)
		AwakeInstancesAfterBackupRestoration (17ms)
Refreshing native plugins compatible for Editor in 16.94 ms, found 6 plugins.
Preloading 0 native plugins for Editor in 0.00 ms.
Unloading 0 Unused Serialized files (Serialized files now loaded: 0)
Unloading 3859 unused Assets / (0.8 MB). Loaded Objects now: 4430.
Memory consumption went from 116.8 MB to 116.0 MB.
Total: 9.233500 ms (FindLiveObjects: 0.683800 ms CreateObjectMapping: 0.272700 ms MarkObjects: 6.769600 ms  DeleteObjects: 1.505900 ms)

Prepare: number of updated asset objects reloaded= 0
========================================================================
Received Prepare
Refreshing native plugins compatible for Editor in 14.30 ms, found 6 plugins.
Preloading 0 native plugins for Editor in 0.00 ms.
Unloading 0 Unused Serialized files (Serialized files now loaded: 0)
Unloading 3813 unused Assets / (0.9 MB). Loaded Objects now: 4430.
Memory consumption went from 116.7 MB to 115.8 MB.
Total: 9.579900 ms (FindLiveObjects: 0.746500 ms CreateObjectMapping: 0.280700 ms MarkObjects: 7.052100 ms  DeleteObjects: 1.498500 ms)

Prepare: number of updated asset objects reloaded= 0
========================================================================
Received Prepare
Begin MonoManager ReloadAssembly
- Loaded All Assemblies, in  0.889 seconds
Refreshing native plugins compatible for Editor in 10.17 ms, found 6 plugins.
Native extension for Android target not found
Native extension for WindowsStandalone target not found
Mono: successfully reloaded assembly
- Finished resetting the current domain, in  1.209 seconds
Domain Reload Profiling: 2091ms
	BeginReloadAssembly (243ms)
		ExecutionOrderSort (0ms)
		DisableScriptedObjects (6ms)
		BackupInstance (0ms)
		ReleaseScriptingObjects (0ms)
		CreateAndSetChildDomain (56ms)
	RebuildCommonClasses (53ms)
	RebuildNativeTypeToScriptingClass (15ms)
	initialDomainReloadingComplete (41ms)
	LoadAllAssembliesAndSetupDomain (530ms)
		LoadAssemblies (461ms)
		RebuildTransferFunctionScriptingTraits (0ms)
		AnalyzeDomain (208ms)
			TypeCache.Refresh (13ms)
				TypeCache.ScanAssembly (2ms)
			BuildScriptInfoCaches (183ms)
			ResolveRequiredComponents (8ms)
	FinalizeReload (1209ms)
		ReleaseScriptCaches (0ms)
		RebuildScriptCaches (0ms)
		SetupLoadedEditorAssemblies (958ms)
			LogAssemblyErrors (0ms)
			InitializePlatformSupportModulesInManaged (14ms)
			SetLoadedEditorAssemblies (5ms)
			BeforeProcessingInitializeOnLoad (68ms)
			ProcessInitializeOnLoadAttributes (837ms)
			ProcessInitializeOnLoadMethodAttributes (25ms)
			AfterProcessingInitializeOnLoad (9ms)
			EditorAssembliesLoaded (0ms)
		ExecutionOrderSort2 (0ms)
		AwakeInstancesAfterBackupRestoration (15ms)
Refreshing native plugins compatible for Editor in 13.61 ms, found 6 plugins.
Preloading 0 native plugins for Editor in 0.00 ms.
Unloading 0 Unused Serialized files (Serialized files now loaded: 0)
Unloading 3859 unused Assets / (0.9 MB). Loaded Objects now: 4431.
Memory consumption went from 118.8 MB to 117.9 MB.
Total: 9.023600 ms (FindLiveObjects: 0.714600 ms CreateObjectMapping: 0.277900 ms MarkObjects: 6.599400 ms  DeleteObjects: 1.430100 ms)

Prepare: number of updated asset objects reloaded= 0
========================================================================
Received Prepare
Refreshing native plugins compatible for Editor in 17.59 ms, found 6 plugins.
Preloading 0 native plugins for Editor in 0.00 ms.
Unloading 0 Unused Serialized files (Serialized files now loaded: 0)
Unloading 3813 unused Assets / (2.3 MB). Loaded Objects now: 4431.
Memory consumption went from 118.7 MB to 116.4 MB.
Total: 21.748900 ms (FindLiveObjects: 0.807100 ms CreateObjectMapping: 0.375600 ms MarkObjects: 10.511700 ms  DeleteObjects: 10.052200 ms)

Prepare: number of updated asset objects reloaded= 0
========================================================================
Received Prepare
Refreshing native plugins compatible for Editor in 13.56 ms, found 6 plugins.
Preloading 0 native plugins for Editor in 0.00 ms.
Unloading 0 Unused Serialized files (Serialized files now loaded: 0)
Unloading 3813 unused Assets / (0.8 MB). Loaded Objects now: 4431.
Memory consumption went from 118.7 MB to 117.9 MB.
Total: 9.300600 ms (FindLiveObjects: 0.730800 ms CreateObjectMapping: 0.314700 ms MarkObjects: 6.609200 ms  DeleteObjects: 1.644800 ms)

Prepare: number of updated asset objects reloaded= 0
========================================================================
Received Prepare
Begin MonoManager ReloadAssembly
- Loaded All Assemblies, in  0.784 seconds
Refreshing native plugins compatible for Editor in 10.17 ms, found 6 plugins.
Native extension for Android target not found
Native extension for WindowsStandalone target not found
Mono: successfully reloaded assembly
- Finished resetting the current domain, in  1.112 seconds
Domain Reload Profiling: 1891ms
	BeginReloadAssembly (226ms)
		ExecutionOrderSort (0ms)
		DisableScriptedObjects (5ms)
		BackupInstance (0ms)
		ReleaseScriptingObjects (0ms)
		CreateAndSetChildDomain (50ms)
	RebuildCommonClasses (45ms)
	RebuildNativeTypeToScriptingClass (15ms)
	initialDomainReloadingComplete (37ms)
	LoadAllAssembliesAndSetupDomain (455ms)
		LoadAssemblies (400ms)
		RebuildTransferFunctionScriptingTraits (0ms)
		AnalyzeDomain (185ms)
			TypeCache.Refresh (11ms)
				TypeCache.ScanAssembly (2ms)
			BuildScriptInfoCaches (161ms)
			ResolveRequiredComponents (9ms)
	FinalizeReload (1112ms)
		ReleaseScriptCaches (0ms)
		RebuildScriptCaches (0ms)
		SetupLoadedEditorAssemblies (861ms)
			LogAssemblyErrors (0ms)
			InitializePlatformSupportModulesInManaged (15ms)
			SetLoadedEditorAssemblies (3ms)
			BeforeProcessingInitializeOnLoad (71ms)
			ProcessInitializeOnLoadAttributes (733ms)
			ProcessInitializeOnLoadMethodAttributes (29ms)
			AfterProcessingInitializeOnLoad (9ms)
			EditorAssembliesLoaded (0ms)
		ExecutionOrderSort2 (0ms)
		AwakeInstancesAfterBackupRestoration (17ms)
Refreshing native plugins compatible for Editor in 13.28 ms, found 6 plugins.
Preloading 0 native plugins for Editor in 0.00 ms.
Unloading 0 Unused Serialized files (Serialized files now loaded: 0)
Unloading 3859 unused Assets / (0.9 MB). Loaded Objects now: 4432.
Memory consumption went from 118.8 MB to 117.9 MB.
Total: 8.977700 ms (FindLiveObjects: 0.720600 ms CreateObjectMapping: 0.273200 ms MarkObjects: 6.575000 ms  DeleteObjects: 1.407500 ms)

Prepare: number of updated asset objects reloaded= 0
========================================================================
Received Import Request.
  Time since last request: 722172.236970 seconds.
  path: Assets/Nature and Tank Model Pack/Materials/mat-cutout-1.mat
  artifactKey: Guid(7c50de2f6b7569d4192c7510be2c2617) Importer(815301076,1909f56bfc062723c751e8b465ee728b)
Start importing Assets/Nature and Tank Model Pack/Materials/mat-cutout-1.mat using Guid(7c50de2f6b7569d4192c7510be2c2617) Importer(815301076,1909f56bfc062723c751e8b465ee728b) (PreviewImporter) -> (artifact id: '84099bd74df6e886b3d0bb2792eb56fa') in 0.241545 seconds
Number of updated asset objects reloaded before import = 0Number of asset objects unloaded after import = 2

========================================================================
Received Import Request.
  Time since last request: 21.357570 seconds.
  path: Assets/Nature and Tank Model Pack/Prefabs/bridge.prefab
  artifactKey: Guid(908b6b99cda144b4894221317f6453cf) Importer(815301076,1909f56bfc062723c751e8b465ee728b)
Start importing Assets/Nature and Tank Model Pack/Prefabs/bridge.prefab using Guid(908b6b99cda144b4894221317f6453cf) Importer(815301076,1909f56bfc062723c751e8b465ee728b) (PreviewImporter) -> (artifact id: '24f9566532ed105721f3270ce770e2fd') in 0.0359969 seconds
Number of updated asset objects reloaded before import = 0Number of asset objects unloaded after import = 9

========================================================================
Received Import Request.
  Time since last request: 0.000026 seconds.
  path: Assets/Nature and Tank Model Pack/Prefabs/bridge_001.prefab
  artifactKey: Guid(20c69e79a3d28764fbb6f459c5618007) Importer(815301076,1909f56bfc062723c751e8b465ee728b)
Start importing Assets/Nature and Tank Model Pack/Prefabs/bridge_001.prefab using Guid(20c69e79a3d28764fbb6f459c5618007) Importer(815301076,1909f56bfc062723c751e8b465ee728b) (PreviewImporter) -> (artifact id: '0ed6351ee2207686efb4b800e2e1a047') in 0.0245233 seconds
Number of updated asset objects reloaded before import = 0Number of asset objects unloaded after import = 9

========================================================================
Received Import Request.
  Time since last request: 0.000022 seconds.
  path: Assets/Nature and Tank Model Pack/Prefabs/cliff_003.prefab
  artifactKey: Guid(bbf5362dd35566a49a3538c524e18a6f) Importer(815301076,1909f56bfc062723c751e8b465ee728b)
Start importing Assets/Nature and Tank Model Pack/Prefabs/cliff_003.prefab using Guid(bbf5362dd35566a49a3538c524e18a6f) Importer(815301076,1909f56bfc062723c751e8b465ee728b) (PreviewImporter) -> (artifact id: 'd7e2eb7cb16535509e818bbd504da132') in 0.021648 seconds
Number of updated asset objects reloaded before import = 0Number of asset objects unloaded after import = 9

========================================================================
Received Import Request.
  Time since last request: 0.000019 seconds.
  path: Assets/Nature and Tank Model Pack/Prefabs/cliff_006.prefab
  artifactKey: Guid(500eaa6bf75f884438817ac58597afb4) Importer(815301076,1909f56bfc062723c751e8b465ee728b)
Start importing Assets/Nature and Tank Model Pack/Prefabs/cliff_006.prefab using Guid(500eaa6bf75f884438817ac58597afb4) Importer(815301076,1909f56bfc062723c751e8b465ee728b) (PreviewImporter) -> (artifact id: '422c7b1ca8a5055a634b60a592c2e427') in 0.0234564 seconds
Number of updated asset objects reloaded before import = 0Number of asset objects unloaded after import = 9

========================================================================
Received Import Request.
  Time since last request: 0.000027 seconds.
  path: Assets/Nature and Tank Model Pack/Prefabs/cliff_005.prefab
  artifactKey: Guid(1a0af6ca9b7e20e448abbcef4276def2) Importer(815301076,1909f56bfc062723c751e8b465ee728b)
Start importing Assets/Nature and Tank Model Pack/Prefabs/cliff_005.prefab using Guid(1a0af6ca9b7e20e448abbcef4276def2) Importer(815301076,1909f56bfc062723c751e8b465ee728b) (PreviewImporter) -> (artifact id: '61c6163a3c89982c57118d1f4e6f3c04') in 0.0224211 seconds
Number of updated asset objects reloaded before import = 0Number of asset objects unloaded after import = 9

========================================================================
Received Import Request.
  Time since last request: 0.000038 seconds.
  path: Assets/Nature and Tank Model Pack/Prefabs/cliff_009.prefab
  artifactKey: Guid(79e3ba17158d7d24b96a25aa92ae7e23) Importer(815301076,1909f56bfc062723c751e8b465ee728b)
Start importing Assets/Nature and Tank Model Pack/Prefabs/cliff_009.prefab using Guid(79e3ba17158d7d24b96a25aa92ae7e23) Importer(815301076,1909f56bfc062723c751e8b465ee728b) (PreviewImporter) -> (artifact id: 'bffa3654cd5bdcaa50ffc163ab08bbb8') in 0.0221316 seconds
Number of updated asset objects reloaded before import = 0Number of asset objects unloaded after import = 9

========================================================================
Received Import Request.
  Time since last request: 0.000021 seconds.
  path: Assets/Nature and Tank Model Pack/Prefabs/plant_003.prefab
  artifactKey: Guid(83d79693ade4f64428261a0bddd6038e) Importer(815301076,1909f56bfc062723c751e8b465ee728b)
Start importing Assets/Nature and Tank Model Pack/Prefabs/plant_003.prefab using Guid(83d79693ade4f64428261a0bddd6038e) Importer(815301076,1909f56bfc062723c751e8b465ee728b) (PreviewImporter) -> (artifact id: '2e36bcda3458599fe2a603bcf27a0a54') in 0.0212501 seconds
Number of updated asset objects reloaded before import = 0Number of asset objects unloaded after import = 9

========================================================================
Received Import Request.
  Time since last request: 0.000019 seconds.
  path: Assets/Nature and Tank Model Pack/Prefabs/plant_007.prefab
  artifactKey: Guid(0abb88c5389144b45913463b49a5af68) Importer(815301076,1909f56bfc062723c751e8b465ee728b)
Start importing Assets/Nature and Tank Model Pack/Prefabs/plant_007.prefab using Guid(0abb88c5389144b45913463b49a5af68) Importer(815301076,1909f56bfc062723c751e8b465ee728b) (PreviewImporter) -> (artifact id: 'ee51f8bfa150d99873c6ccba1b329d34') in 0.0243607 seconds
Number of updated asset objects reloaded before import = 0Number of asset objects unloaded after import = 9

========================================================================
Received Import Request.
  Time since last request: 0.000020 seconds.
  path: Assets/Nature and Tank Model Pack/Prefabs/plant_006.prefab
  artifactKey: Guid(1292788ddc778f34791e7bdb5c5ab996) Importer(815301076,1909f56bfc062723c751e8b465ee728b)
Start importing Assets/Nature and Tank Model Pack/Prefabs/plant_006.prefab using Guid(1292788ddc778f34791e7bdb5c5ab996) Importer(815301076,1909f56bfc062723c751e8b465ee728b) (PreviewImporter) -> (artifact id: '5923d35d366e6e6ada137a071b471dad') in 0.0226994 seconds
Number of updated asset objects reloaded before import = 0Number of asset objects unloaded after import = 9

========================================================================
Received Import Request.
  Time since last request: 0.000023 seconds.
  path: Assets/Nature and Tank Model Pack/Prefabs/plant_012.prefab
  artifactKey: Guid(964ce35209dd1ad42ad63161b5db89ea) Importer(815301076,1909f56bfc062723c751e8b465ee728b)
Start importing Assets/Nature and Tank Model Pack/Prefabs/plant_012.prefab using Guid(964ce35209dd1ad42ad63161b5db89ea) Importer(815301076,1909f56bfc062723c751e8b465ee728b) (PreviewImporter) -> (artifact id: '06088ebea729b7b8b5d886c864aa43b6') in 0.019761 seconds
Number of updated asset objects reloaded before import = 0Number of asset objects unloaded after import = 9

========================================================================
Received Import Request.
  Time since last request: 0.000019 seconds.
  path: Assets/Nature and Tank Model Pack/Prefabs/plant_014.prefab
  artifactKey: Guid(d01b9cf4c384a3b43b685e16e790b56b) Importer(815301076,1909f56bfc062723c751e8b465ee728b)
Start importing Assets/Nature and Tank Model Pack/Prefabs/plant_014.prefab using Guid(d01b9cf4c384a3b43b685e16e790b56b) Importer(815301076,1909f56bfc062723c751e8b465ee728b) (PreviewImporter) -> (artifact id: 'd0aba2620729a65c54c96acc805b1f8e') in 0.02059 seconds
Number of updated asset objects reloaded before import = 0Number of asset objects unloaded after import = 9

========================================================================
Received Import Request.
  Time since last request: 0.000021 seconds.
  path: Assets/Nature and Tank Model Pack/Prefabs/rock_004.prefab
  artifactKey: Guid(8926c81eaa232564a96b3a7a84734274) Importer(815301076,1909f56bfc062723c751e8b465ee728b)
Start importing Assets/Nature and Tank Model Pack/Prefabs/rock_004.prefab using Guid(8926c81eaa232564a96b3a7a84734274) Importer(815301076,1909f56bfc062723c751e8b465ee728b) (PreviewImporter) -> (artifact id: '38faed509a1373ef3eca9004240cec24') in 0.0193798 seconds
Number of updated asset objects reloaded before import = 0Number of asset objects unloaded after import = 9

========================================================================
Received Import Request.
  Time since last request: 0.000019 seconds.
  path: Assets/Nature and Tank Model Pack/Prefabs/rock_007.prefab
  artifactKey: Guid(da7bcaa383e4d374ba88e7a08e389c6a) Importer(815301076,1909f56bfc062723c751e8b465ee728b)
Start importing Assets/Nature and Tank Model Pack/Prefabs/rock_007.prefab using Guid(da7bcaa383e4d374ba88e7a08e389c6a) Importer(815301076,1909f56bfc062723c751e8b465ee728b) (PreviewImporter) -> (artifact id: '6867947ba963a7ebbc91e1c45ad5fd71') in 0.0216033 seconds
Number of updated asset objects reloaded before import = 0Number of asset objects unloaded after import = 9

========================================================================
Received Import Request.
  Time since last request: 0.000020 seconds.
  path: Assets/Nature and Tank Model Pack/Prefabs/rock_010.prefab
  artifactKey: Guid(9f67a3eebaf599a44a4454cf3ef3ab27) Importer(815301076,1909f56bfc062723c751e8b465ee728b)
Start importing Assets/Nature and Tank Model Pack/Prefabs/rock_010.prefab using Guid(9f67a3eebaf599a44a4454cf3ef3ab27) Importer(815301076,1909f56bfc062723c751e8b465ee728b) (PreviewImporter) -> (artifact id: '5705043058e39d20eb35bdeb0eca5d39') in 0.0206942 seconds
Number of updated asset objects reloaded before import = 0Number of asset objects unloaded after import = 9

========================================================================
Received Import Request.
  Time since last request: 0.000022 seconds.
  path: Assets/Nature and Tank Model Pack/Prefabs/rock_008.prefab
  artifactKey: Guid(5fe4806c326323d42bac9ca778615c47) Importer(815301076,1909f56bfc062723c751e8b465ee728b)
Start importing Assets/Nature and Tank Model Pack/Prefabs/rock_008.prefab using Guid(5fe4806c326323d42bac9ca778615c47) Importer(815301076,1909f56bfc062723c751e8b465ee728b) (PreviewImporter) -> (artifact id: 'd0bfe580a0db4d31fde110ce48367a69') in 0.0200866 seconds
Number of updated asset objects reloaded before import = 0Number of asset objects unloaded after import = 9

========================================================================
Received Import Request.
  Time since last request: 0.000029 seconds.
  path: Assets/Nature and Tank Model Pack/Prefabs/tank-body_001.prefab
  artifactKey: Guid(7c62a64826a53804c9d6c47ec880f6e4) Importer(815301076,1909f56bfc062723c751e8b465ee728b)
Start importing Assets/Nature and Tank Model Pack/Prefabs/tank-body_001.prefab using Guid(7c62a64826a53804c9d6c47ec880f6e4) Importer(815301076,1909f56bfc062723c751e8b465ee728b) (PreviewImporter) -> (artifact id: '40b7c03d912a74de34903416ef3d4c63') in 0.0244459 seconds
Number of updated asset objects reloaded before import = 0Number of asset objects unloaded after import = 21

========================================================================
Received Import Request.
  Time since last request: 0.000019 seconds.
  path: Assets/Nature and Tank Model Pack/Prefabs/tree_004.prefab
  artifactKey: Guid(06b725fa1b0cf3e42bffbf989d2b7e7a) Importer(815301076,1909f56bfc062723c751e8b465ee728b)
Start importing Assets/Nature and Tank Model Pack/Prefabs/tree_004.prefab using Guid(06b725fa1b0cf3e42bffbf989d2b7e7a) Importer(815301076,1909f56bfc062723c751e8b465ee728b) (PreviewImporter) -> (artifact id: '23eb8e38135033eab9c2aa6c34a25e74') in 0.0191242 seconds
Number of updated asset objects reloaded before import = 0Number of asset objects unloaded after import = 9

========================================================================
Received Import Request.
  Time since last request: 0.000024 seconds.
  path: Assets/Nature and Tank Model Pack/Prefabs/wall_002.prefab
  artifactKey: Guid(27e515b8cd6ae69498e40f36b6812438) Importer(815301076,1909f56bfc062723c751e8b465ee728b)
Start importing Assets/Nature and Tank Model Pack/Prefabs/wall_002.prefab using Guid(27e515b8cd6ae69498e40f36b6812438) Importer(815301076,1909f56bfc062723c751e8b465ee728b) (PreviewImporter) -> (artifact id: '3fc0209852d352e00a19a1a12d7d4cfc') in 0.0206473 seconds
Number of updated asset objects reloaded before import = 0Number of asset objects unloaded after import = 9

========================================================================
Received Import Request.
  Time since last request: 0.000016 seconds.
  path: Assets/Nature and Tank Model Pack/Prefabs/tree_002.prefab
  artifactKey: Guid(53a8006697eabe240a9c946477f5cc56) Importer(815301076,1909f56bfc062723c751e8b465ee728b)
Start importing Assets/Nature and Tank Model Pack/Prefabs/tree_002.prefab using Guid(53a8006697eabe240a9c946477f5cc56) Importer(815301076,1909f56bfc062723c751e8b465ee728b) (PreviewImporter) -> (artifact id: 'e3e505f0b142407da6595a5c947d5d76') in 0.0223826 seconds
Number of updated asset objects reloaded before import = 0Number of asset objects unloaded after import = 9

========================================================================
Received Import Request.
  Time since last request: 0.000020 seconds.
  path: Assets/Nature and Tank Model Pack/Prefabs/wall.prefab
  artifactKey: Guid(1d0b6ac3d0c6e784487b45fd23f12145) Importer(815301076,1909f56bfc062723c751e8b465ee728b)
Start importing Assets/Nature and Tank Model Pack/Prefabs/wall.prefab using Guid(1d0b6ac3d0c6e784487b45fd23f12145) Importer(815301076,1909f56bfc062723c751e8b465ee728b) (PreviewImporter) -> (artifact id: 'afdfa9b8af54cb8a2611523d7d37ef73') in 0.0225644 seconds
Number of updated asset objects reloaded before import = 0Number of asset objects unloaded after import = 9

========================================================================
Received Import Request.
  Time since last request: 0.000026 seconds.
  path: Assets/Nature and Tank Model Pack/Prefabs/tank-body_002.prefab
  artifactKey: Guid(3913fba33654f544880adc82db0f4952) Importer(815301076,1909f56bfc062723c751e8b465ee728b)
Start importing Assets/Nature and Tank Model Pack/Prefabs/tank-body_002.prefab using Guid(3913fba33654f544880adc82db0f4952) Importer(815301076,1909f56bfc062723c751e8b465ee728b) (PreviewImporter) -> (artifact id: 'eaa693b5b20ecd2b396a24a2c384c575') in 0.0305139 seconds
Number of updated asset objects reloaded before import = 0Number of asset objects unloaded after import = 21

========================================================================
Received Import Request.
  Time since last request: 0.000020 seconds.
  path: Assets/Nature and Tank Model Pack/Prefabs/tree_001.prefab
  artifactKey: Guid(7ce820fc22e288442b9bd4de3c83036a) Importer(815301076,1909f56bfc062723c751e8b465ee728b)
Start importing Assets/Nature and Tank Model Pack/Prefabs/tree_001.prefab using Guid(7ce820fc22e288442b9bd4de3c83036a) Importer(815301076,1909f56bfc062723c751e8b465ee728b) (PreviewImporter) -> (artifact id: '3bb405a12bec8e483e27890037e23fa5') in 0.0257137 seconds
Number of updated asset objects reloaded before import = 0Number of asset objects unloaded after import = 9

========================================================================
Received Import Request.
  Time since last request: 0.000021 seconds.
  path: Assets/Nature and Tank Model Pack/Prefabs/plant_010.prefab
  artifactKey: Guid(fa1e1611e0d9ba74cb51e3c17311560b) Importer(815301076,1909f56bfc062723c751e8b465ee728b)
Start importing Assets/Nature and Tank Model Pack/Prefabs/plant_010.prefab using Guid(fa1e1611e0d9ba74cb51e3c17311560b) Importer(815301076,1909f56bfc062723c751e8b465ee728b) (PreviewImporter) -> (artifact id: 'c0fca0322ffe722544d0cb300d9bdd79') in 0.0243457 seconds
Number of updated asset objects reloaded before import = 0Number of asset objects unloaded after import = 9

========================================================================
Received Import Request.
  Time since last request: 0.000018 seconds.
  path: Assets/Nature and Tank Model Pack/Prefabs/canon_001.prefab
  artifactKey: Guid(cd40cab47ac214e4782fe0898644945c) Importer(815301076,1909f56bfc062723c751e8b465ee728b)
Start importing Assets/Nature and Tank Model Pack/Prefabs/canon_001.prefab using Guid(cd40cab47ac214e4782fe0898644945c) Importer(815301076,1909f56bfc062723c751e8b465ee728b) (PreviewImporter) -> (artifact id: '6a22267f7767d573246d6410ee57bf15') in 0.0316048 seconds
Number of updated asset objects reloaded before import = 0Number of asset objects unloaded after import = 21

========================================================================
Received Import Request.
  Time since last request: 0.000025 seconds.
  path: Assets/Nature and Tank Model Pack/Prefabs/plant.prefab
  artifactKey: Guid(36874e0ef883abc44bf60375a3528535) Importer(815301076,1909f56bfc062723c751e8b465ee728b)
Start importing Assets/Nature and Tank Model Pack/Prefabs/plant.prefab using Guid(36874e0ef883abc44bf60375a3528535) Importer(815301076,1909f56bfc062723c751e8b465ee728b) (PreviewImporter) -> (artifact id: '8d84a12e1f195c79e08e413356af576a') in 0.0234317 seconds
Number of updated asset objects reloaded before import = 0Number of asset objects unloaded after import = 9

========================================================================
Received Import Request.
  Time since last request: 0.000026 seconds.
  path: Assets/Nature and Tank Model Pack/Prefabs/cliff_001.prefab
  artifactKey: Guid(1f1380b76f3eacf42a0eb07d1658d24b) Importer(815301076,1909f56bfc062723c751e8b465ee728b)
Start importing Assets/Nature and Tank Model Pack/Prefabs/cliff_001.prefab using Guid(1f1380b76f3eacf42a0eb07d1658d24b) Importer(815301076,1909f56bfc062723c751e8b465ee728b) (PreviewImporter) -> (artifact id: '13573f8085adc920ea7830db477e72a6') in 0.0258998 seconds
Number of updated asset objects reloaded before import = 0Number of asset objects unloaded after import = 9

========================================================================
Received Import Request.
  Time since last request: 0.000018 seconds.
  path: Assets/Nature and Tank Model Pack/Prefabs/rock_002.prefab
  artifactKey: Guid(f219aca6cc41c544982457c66c834b1c) Importer(815301076,1909f56bfc062723c751e8b465ee728b)
Start importing Assets/Nature and Tank Model Pack/Prefabs/rock_002.prefab using Guid(f219aca6cc41c544982457c66c834b1c) Importer(815301076,1909f56bfc062723c751e8b465ee728b) (PreviewImporter) -> (artifact id: '9fafd9bf0abc92a917cd894ed1e8baa4') in 0.0252386 seconds
Number of updated asset objects reloaded before import = 0Number of asset objects unloaded after import = 9

========================================================================
Received Import Request.
  Time since last request: 0.000022 seconds.
  path: Assets/Nature and Tank Model Pack/Prefabs/plant_004.prefab
  artifactKey: Guid(dd32de24fa56fc447b992b3e6e0909d0) Importer(815301076,1909f56bfc062723c751e8b465ee728b)
Start importing Assets/Nature and Tank Model Pack/Prefabs/plant_004.prefab using Guid(dd32de24fa56fc447b992b3e6e0909d0) Importer(815301076,1909f56bfc062723c751e8b465ee728b) (PreviewImporter) -> (artifact id: '8e20b46260872626f162366e8538ebcd') in 0.0228478 seconds
Number of updated asset objects reloaded before import = 0Number of asset objects unloaded after import = 9

========================================================================
Received Import Request.
  Time since last request: 0.000017 seconds.
  path: Assets/Nature and Tank Model Pack/Prefabs/rock_005.prefab
  artifactKey: Guid(3fcb4a889a4a85f43843527112a1841b) Importer(815301076,1909f56bfc062723c751e8b465ee728b)
Start importing Assets/Nature and Tank Model Pack/Prefabs/rock_005.prefab using Guid(3fcb4a889a4a85f43843527112a1841b) Importer(815301076,1909f56bfc062723c751e8b465ee728b) (PreviewImporter) -> (artifact id: 'cf55914b211b89aecc8c9964de99d703') in 0.0250866 seconds
Number of updated asset objects reloaded before import = 0Number of asset objects unloaded after import = 9

========================================================================
Received Import Request.
  Time since last request: 0.000022 seconds.
  path: Assets/Nature and Tank Model Pack/Prefabs/tree.prefab
  artifactKey: Guid(aaf708cee8aaefb4f934177ca6182c7f) Importer(815301076,1909f56bfc062723c751e8b465ee728b)
Start importing Assets/Nature and Tank Model Pack/Prefabs/tree.prefab using Guid(aaf708cee8aaefb4f934177ca6182c7f) Importer(815301076,1909f56bfc062723c751e8b465ee728b) (PreviewImporter) -> (artifact id: '8caf77d957b9cc9748d8c942bae05f13') in 0.0244393 seconds
Number of updated asset objects reloaded before import = 0Number of asset objects unloaded after import = 9

========================================================================
Received Import Request.
  Time since last request: 0.000020 seconds.
  path: Assets/Nature and Tank Model Pack/Prefabs/cliff.prefab
  artifactKey: Guid(ed6974badb19fb547a182b536547d7ff) Importer(815301076,1909f56bfc062723c751e8b465ee728b)
Start importing Assets/Nature and Tank Model Pack/Prefabs/cliff.prefab using Guid(ed6974badb19fb547a182b536547d7ff) Importer(815301076,1909f56bfc062723c751e8b465ee728b) (PreviewImporter) -> (artifact id: '85565ee567b8ca46ca8cd25f417c5260') in 0.0230459 seconds
Number of updated asset objects reloaded before import = 0Number of asset objects unloaded after import = 9

========================================================================
Received Import Request.
  Time since last request: 1190.663027 seconds.
  path: Assets/Nature and Tank Model Pack/Models/bridge.fbx
  artifactKey: Guid(31a89f5dbd430f6439b4dd6c85fb1899) Importer(815301076,1909f56bfc062723c751e8b465ee728b)
Start importing Assets/Nature and Tank Model Pack/Models/bridge.fbx using Guid(31a89f5dbd430f6439b4dd6c85fb1899) Importer(815301076,1909f56bfc062723c751e8b465ee728b) (PreviewImporter) -> (artifact id: '30f740e423a56ea1983104422a4414f5') in 0.0529241 seconds
Number of updated asset objects reloaded before import = 0Number of asset objects unloaded after import = 9

========================================================================
Received Import Request.
  Time since last request: 0.000025 seconds.
  path: Assets/Nature and Tank Model Pack/Models/wall_003.fbx
  artifactKey: Guid(403c6e6816d2cf241be8be859dfc1555) Importer(815301076,1909f56bfc062723c751e8b465ee728b)
Start importing Assets/Nature and Tank Model Pack/Models/wall_003.fbx using Guid(403c6e6816d2cf241be8be859dfc1555) Importer(815301076,1909f56bfc062723c751e8b465ee728b) (PreviewImporter) -> (artifact id: '7863cdac27f111a85c7a5d16bdb41314') in 0.0212508 seconds
Number of updated asset objects reloaded before import = 0Number of asset objects unloaded after import = 9

========================================================================
Received Import Request.
  Time since last request: 0.000017 seconds.
  path: Assets/Nature and Tank Model Pack/Models/ground_001.fbx
  artifactKey: Guid(ed3f54c123030ef4c8280fc19fcad64b) Importer(815301076,1909f56bfc062723c751e8b465ee728b)
Start importing Assets/Nature and Tank Model Pack/Models/ground_001.fbx using Guid(ed3f54c123030ef4c8280fc19fcad64b) Importer(815301076,1909f56bfc062723c751e8b465ee728b) (PreviewImporter) -> (artifact id: 'bf7a7714d275d6b23d6388727a53ad7f') in 0.0233427 seconds
Number of updated asset objects reloaded before import = 0Number of asset objects unloaded after import = 9

========================================================================
Received Import Request.
  Time since last request: 0.000025 seconds.
  path: Assets/Nature and Tank Model Pack/Models/tree_005.fbx
  artifactKey: Guid(013fdce570577cb47aa857c53a0ee23b) Importer(815301076,1909f56bfc062723c751e8b465ee728b)
Start importing Assets/Nature and Tank Model Pack/Models/tree_005.fbx using Guid(013fdce570577cb47aa857c53a0ee23b) Importer(815301076,1909f56bfc062723c751e8b465ee728b) (PreviewImporter) -> (artifact id: '7aae922b2364ca881e739fb0a3caa642') in 0.0290082 seconds
Number of updated asset objects reloaded before import = 0Number of asset objects unloaded after import = 9

========================================================================
Received Import Request.
  Time since last request: 0.000029 seconds.
  path: Assets/Nature and Tank Model Pack/Models/wall_001.fbx
  artifactKey: Guid(daaf1e976134ce74196a02264b77a492) Importer(815301076,1909f56bfc062723c751e8b465ee728b)
Start importing Assets/Nature and Tank Model Pack/Models/wall_001.fbx using Guid(daaf1e976134ce74196a02264b77a492) Importer(815301076,1909f56bfc062723c751e8b465ee728b) (PreviewImporter) -> (artifact id: 'b72cba5c4fd63bf27ee0fae0f0cb7842') in 0.0233705 seconds
Number of updated asset objects reloaded before import = 0Number of asset objects unloaded after import = 9

========================================================================
Received Import Request.
  Time since last request: 0.000027 seconds.
  path: Assets/Nature and Tank Model Pack/Models/tank-head_002.fbx
  artifactKey: Guid(313430bdcc6646446823e219f153f83d) Importer(815301076,1909f56bfc062723c751e8b465ee728b)
Start importing Assets/Nature and Tank Model Pack/Models/tank-head_002.fbx using Guid(313430bdcc6646446823e219f153f83d) Importer(815301076,1909f56bfc062723c751e8b465ee728b) (PreviewImporter) -> (artifact id: '4d116b2601ca8346c66db57c80e44e7e') in 0.0228555 seconds
Number of updated asset objects reloaded before import = 0Number of asset objects unloaded after import = 9

========================================================================
Received Import Request.
  Time since last request: 0.000021 seconds.
  path: Assets/Nature and Tank Model Pack/Models/rock_005.fbx
  artifactKey: Guid(a98444258f0807941a9effb979e3a63c) Importer(815301076,1909f56bfc062723c751e8b465ee728b)
Start importing Assets/Nature and Tank Model Pack/Models/rock_005.fbx using Guid(a98444258f0807941a9effb979e3a63c) Importer(815301076,1909f56bfc062723c751e8b465ee728b) (PreviewImporter) -> (artifact id: 'f941a4028063e1c323e6af1aacaabe27') in 0.0241251 seconds
Number of updated asset objects reloaded before import = 0Number of asset objects unloaded after import = 9

========================================================================
Received Import Request.
  Time since last request: 0.000025 seconds.
  path: Assets/Nature and Tank Model Pack/Models/rock_008.fbx
  artifactKey: Guid(4feb53d3840e7f9479bbb62f4326fa6c) Importer(815301076,1909f56bfc062723c751e8b465ee728b)
Start importing Assets/Nature and Tank Model Pack/Models/rock_008.fbx using Guid(4feb53d3840e7f9479bbb62f4326fa6c) Importer(815301076,1909f56bfc062723c751e8b465ee728b) (PreviewImporter) -> (artifact id: 'ffe1839711c302a6b0f43ecfbe81c668') in 0.021865 seconds
Number of updated asset objects reloaded before import = 0Number of asset objects unloaded after import = 9

========================================================================
Received Import Request.
  Time since last request: 0.000022 seconds.
  path: Assets/Nature and Tank Model Pack/Models/plant_009.fbx
  artifactKey: Guid(e3b68cde332442142be0efe9540b197d) Importer(815301076,1909f56bfc062723c751e8b465ee728b)
Start importing Assets/Nature and Tank Model Pack/Models/plant_009.fbx using Guid(e3b68cde332442142be0efe9540b197d) Importer(815301076,1909f56bfc062723c751e8b465ee728b) (PreviewImporter) -> (artifact id: 'ec1d16132bf8bbf3f5a3573e813ba222') in 0.0243742 seconds
Number of updated asset objects reloaded before import = 0Number of asset objects unloaded after import = 9

========================================================================
Received Import Request.
  Time since last request: 0.000019 seconds.
  path: Assets/Nature and Tank Model Pack/Models/plant_010.fbx
  artifactKey: Guid(99b1f5006cdfa04459fa10701d1608ac) Importer(815301076,1909f56bfc062723c751e8b465ee728b)
Start importing Assets/Nature and Tank Model Pack/Models/plant_010.fbx using Guid(99b1f5006cdfa04459fa10701d1608ac) Importer(815301076,1909f56bfc062723c751e8b465ee728b) (PreviewImporter) -> (artifact id: 'a542cd98ad998e454be977cd0a688708') in 0.0221083 seconds
Number of updated asset objects reloaded before import = 0Number of asset objects unloaded after import = 9

========================================================================
Received Import Request.
  Time since last request: 0.000025 seconds.
  path: Assets/Nature and Tank Model Pack/Models/plant_011.fbx
  artifactKey: Guid(5c94098e9db610e44a3081fec80e678a) Importer(815301076,1909f56bfc062723c751e8b465ee728b)
Start importing Assets/Nature and Tank Model Pack/Models/plant_011.fbx using Guid(5c94098e9db610e44a3081fec80e678a) Importer(815301076,1909f56bfc062723c751e8b465ee728b) (PreviewImporter) -> (artifact id: 'e2f081b499a786798395e6ddcc9ada8c') in 0.0255782 seconds
Number of updated asset objects reloaded before import = 0Number of asset objects unloaded after import = 9

========================================================================
Received Import Request.
  Time since last request: 0.000019 seconds.
  path: Assets/Nature and Tank Model Pack/Models/tank-head_003.fbx
  artifactKey: Guid(f100dc737f00caa469c0a3ad4a49dfc8) Importer(815301076,1909f56bfc062723c751e8b465ee728b)
Start importing Assets/Nature and Tank Model Pack/Models/tank-head_003.fbx using Guid(f100dc737f00caa469c0a3ad4a49dfc8) Importer(815301076,1909f56bfc062723c751e8b465ee728b) (PreviewImporter) -> (artifact id: '703db2020c7d51423bf4648408c79ae8') in 0.0237623 seconds
Number of updated asset objects reloaded before import = 0Number of asset objects unloaded after import = 9

========================================================================
Received Import Request.
  Time since last request: 0.000017 seconds.
  path: Assets/Nature and Tank Model Pack/Models/cliff_007.fbx
  artifactKey: Guid(be06d894f436da349a534473790bc569) Importer(815301076,1909f56bfc062723c751e8b465ee728b)
Start importing Assets/Nature and Tank Model Pack/Models/cliff_007.fbx using Guid(be06d894f436da349a534473790bc569) Importer(815301076,1909f56bfc062723c751e8b465ee728b) (PreviewImporter) -> (artifact id: '0ff3ce55bd1a32224fc24c01a1743170') in 0.0225608 seconds
Number of updated asset objects reloaded before import = 0Number of asset objects unloaded after import = 9

========================================================================
Received Import Request.
  Time since last request: 0.000025 seconds.
  path: Assets/Nature and Tank Model Pack/Models/cliff_009.fbx
  artifactKey: Guid(5afd690e264b5124da089736310effaa) Importer(815301076,1909f56bfc062723c751e8b465ee728b)
Start importing Assets/Nature and Tank Model Pack/Models/cliff_009.fbx using Guid(5afd690e264b5124da089736310effaa) Importer(815301076,1909f56bfc062723c751e8b465ee728b) (PreviewImporter) -> (artifact id: '1b785820b6cb1794225e9302ce6fc505') in 0.0243388 seconds
Number of updated asset objects reloaded before import = 0Number of asset objects unloaded after import = 9

========================================================================
Received Import Request.
  Time since last request: 0.000031 seconds.
  path: Assets/Nature and Tank Model Pack/Models/plant_001.fbx
  artifactKey: Guid(564b33e1b077e2440907247e6f3211cd) Importer(815301076,1909f56bfc062723c751e8b465ee728b)
Start importing Assets/Nature and Tank Model Pack/Models/plant_001.fbx using Guid(564b33e1b077e2440907247e6f3211cd) Importer(815301076,1909f56bfc062723c751e8b465ee728b) (PreviewImporter) -> (artifact id: '7d0e96de64f9b1ff21e63b4b07dae1b9') in 0.0227859 seconds
Number of updated asset objects reloaded before import = 0Number of asset objects unloaded after import = 9

========================================================================
Received Import Request.
  Time since last request: 0.000019 seconds.
  path: Assets/Nature and Tank Model Pack/Models/cliff_001.fbx
  artifactKey: Guid(43b1820f565a6574996496a8b8173bac) Importer(815301076,1909f56bfc062723c751e8b465ee728b)
Start importing Assets/Nature and Tank Model Pack/Models/cliff_001.fbx using Guid(43b1820f565a6574996496a8b8173bac) Importer(815301076,1909f56bfc062723c751e8b465ee728b) (PreviewImporter) -> (artifact id: '438664248bd1d18d496fddc0d7f92fcd') in 0.0225455 seconds
Number of updated asset objects reloaded before import = 0Number of asset objects unloaded after import = 9

========================================================================
Received Import Request.
  Time since last request: 0.000021 seconds.
  path: Assets/Nature and Tank Model Pack/Models/plant_003.fbx
  artifactKey: Guid(33d676b3c6d326144838a84c99ea6854) Importer(815301076,1909f56bfc062723c751e8b465ee728b)
Start importing Assets/Nature and Tank Model Pack/Models/plant_003.fbx using Guid(33d676b3c6d326144838a84c99ea6854) Importer(815301076,1909f56bfc062723c751e8b465ee728b) (PreviewImporter) -> (artifact id: '686e1823275f841395f818fd58b6ede9') in 0.0232316 seconds
Number of updated asset objects reloaded before import = 0Number of asset objects unloaded after import = 9

========================================================================
Received Import Request.
  Time since last request: 0.000021 seconds.
  path: Assets/Nature and Tank Model Pack/Models/plant_007.fbx
  artifactKey: Guid(d4b8e33fe7538eb42b11bf8e8061ddaf) Importer(815301076,1909f56bfc062723c751e8b465ee728b)
Start importing Assets/Nature and Tank Model Pack/Models/plant_007.fbx using Guid(d4b8e33fe7538eb42b11bf8e8061ddaf) Importer(815301076,1909f56bfc062723c751e8b465ee728b) (PreviewImporter) -> (artifact id: 'e933997df9693b3203de7c73e6bbadb3') in 0.0200775 seconds
Number of updated asset objects reloaded before import = 0Number of asset objects unloaded after import = 9

========================================================================
Received Import Request.
  Time since last request: 0.000019 seconds.
  path: Assets/Nature and Tank Model Pack/Models/plant.fbx
  artifactKey: Guid(a20ed86dc6ce97e4d9b3e29fc2d4a493) Importer(815301076,1909f56bfc062723c751e8b465ee728b)
Start importing Assets/Nature and Tank Model Pack/Models/plant.fbx using Guid(a20ed86dc6ce97e4d9b3e29fc2d4a493) Importer(815301076,1909f56bfc062723c751e8b465ee728b) (PreviewImporter) -> (artifact id: '7ed3f2b4ba001b1e9f6d4d7228e792d4') in 0.0200533 seconds
Number of updated asset objects reloaded before import = 0Number of asset objects unloaded after import = 9

========================================================================
Received Import Request.
  Time since last request: 0.000020 seconds.
  path: Assets/Nature and Tank Model Pack/Models/building.fbx
  artifactKey: Guid(590effbcb08c4194dabd1df0478b537f) Importer(815301076,1909f56bfc062723c751e8b465ee728b)
Start importing Assets/Nature and Tank Model Pack/Models/building.fbx using Guid(590effbcb08c4194dabd1df0478b537f) Importer(815301076,1909f56bfc062723c751e8b465ee728b) (PreviewImporter) -> (artifact id: 'd0f1f67b5a57c0e489c3156544ee1155') in 0.0232911 seconds
Number of updated asset objects reloaded before import = 0Number of asset objects unloaded after import = 9

========================================================================
Received Import Request.
  Time since last request: 0.000018 seconds.
  path: Assets/Nature and Tank Model Pack/Models/plant_006.fbx
  artifactKey: Guid(a53d5b8bbe0bb934db7426757775d0e9) Importer(815301076,1909f56bfc062723c751e8b465ee728b)
Start importing Assets/Nature and Tank Model Pack/Models/plant_006.fbx using Guid(a53d5b8bbe0bb934db7426757775d0e9) Importer(815301076,1909f56bfc062723c751e8b465ee728b) (PreviewImporter) -> (artifact id: 'e6a3db037b4d0371860bd6392c97d037') in 0.0208809 seconds
Number of updated asset objects reloaded before import = 0Number of asset objects unloaded after import = 9

========================================================================
Received Import Request.
  Time since last request: 0.000017 seconds.
  path: Assets/Nature and Tank Model Pack/Models/rock_009.fbx
  artifactKey: Guid(e8cefb58d9619ff40a300ea5b283ac90) Importer(815301076,1909f56bfc062723c751e8b465ee728b)
Start importing Assets/Nature and Tank Model Pack/Models/rock_009.fbx using Guid(e8cefb58d9619ff40a300ea5b283ac90) Importer(815301076,1909f56bfc062723c751e8b465ee728b) (PreviewImporter) -> (artifact id: '0ff8e39f7d1bed2bfe4c020545a48e01') in 0.0233432 seconds
Number of updated asset objects reloaded before import = 0Number of asset objects unloaded after import = 9

========================================================================
Received Import Request.
  Time since last request: 0.000018 seconds.
  path: Assets/Nature and Tank Model Pack/Models/tank-head_001.fbx
  artifactKey: Guid(8d7f46fd27f2b8e47b039542c1c8b7b8) Importer(815301076,1909f56bfc062723c751e8b465ee728b)
Start importing Assets/Nature and Tank Model Pack/Models/tank-head_001.fbx using Guid(8d7f46fd27f2b8e47b039542c1c8b7b8) Importer(815301076,1909f56bfc062723c751e8b465ee728b) (PreviewImporter) -> (artifact id: 'c114c870db41abdae2568b8fa3296cd2') in 0.0223988 seconds
Number of updated asset objects reloaded before import = 0Number of asset objects unloaded after import = 9

========================================================================
Received Import Request.
  Time since last request: 0.000025 seconds.
  path: Assets/Nature and Tank Model Pack/Models/plant_008.fbx
  artifactKey: Guid(63bf307bee9f198409f07587b59ea354) Importer(815301076,1909f56bfc062723c751e8b465ee728b)
Start importing Assets/Nature and Tank Model Pack/Models/plant_008.fbx using Guid(63bf307bee9f198409f07587b59ea354) Importer(815301076,1909f56bfc062723c751e8b465ee728b) (PreviewImporter) -> (artifact id: '0b77cfd1449b356bf0180e4d11e48150') in 0.0231873 seconds
Number of updated asset objects reloaded before import = 0Number of asset objects unloaded after import = 9

========================================================================
Received Import Request.
  Time since last request: 0.000098 seconds.
  path: Assets/Nature and Tank Model Pack/Models/plant_004.fbx
  artifactKey: Guid(7f5ffcc325ea63a419220eb8f5c48768) Importer(815301076,1909f56bfc062723c751e8b465ee728b)
Start importing Assets/Nature and Tank Model Pack/Models/plant_004.fbx using Guid(7f5ffcc325ea63a419220eb8f5c48768) Importer(815301076,1909f56bfc062723c751e8b465ee728b) (PreviewImporter) -> (artifact id: '2d8aee977479ff428422a08c57bbe3ac') in 0.0239735 seconds
Number of updated asset objects reloaded before import = 0Number of asset objects unloaded after import = 9

========================================================================
Received Import Request.
  Time since last request: 0.000019 seconds.
  path: Assets/Nature and Tank Model Pack/Models/rock_011.fbx
  artifactKey: Guid(663fc4bad04d6e84f9c0dd295507139c) Importer(815301076,1909f56bfc062723c751e8b465ee728b)
Start importing Assets/Nature and Tank Model Pack/Models/rock_011.fbx using Guid(663fc4bad04d6e84f9c0dd295507139c) Importer(815301076,1909f56bfc062723c751e8b465ee728b) (PreviewImporter) -> (artifact id: '263b53c36f20123ba08022c55c7c8085') in 0.021394 seconds
Number of updated asset objects reloaded before import = 0Number of asset objects unloaded after import = 9

========================================================================
Received Import Request.
  Time since last request: 0.000022 seconds.
  path: Assets/Nature and Tank Model Pack/Models/wall.fbx
  artifactKey: Guid(6c5dd928543b66d4fb137ed4c80a5ffa) Importer(815301076,1909f56bfc062723c751e8b465ee728b)
Start importing Assets/Nature and Tank Model Pack/Models/wall.fbx using Guid(6c5dd928543b66d4fb137ed4c80a5ffa) Importer(815301076,1909f56bfc062723c751e8b465ee728b) (PreviewImporter) -> (artifact id: '034d61eceb70307e1fb45aac345484fc') in 0.0227951 seconds
Number of updated asset objects reloaded before import = 0Number of asset objects unloaded after import = 9

========================================================================
Received Import Request.
  Time since last request: 0.000021 seconds.
  path: Assets/Nature and Tank Model Pack/Models/ground.fbx
  artifactKey: Guid(ca2e74a1452352d45adb31770b226fe9) Importer(815301076,1909f56bfc062723c751e8b465ee728b)
Start importing Assets/Nature and Tank Model Pack/Models/ground.fbx using Guid(ca2e74a1452352d45adb31770b226fe9) Importer(815301076,1909f56bfc062723c751e8b465ee728b) (PreviewImporter) -> (artifact id: 'b88ec172d4be44e520015675d2b92d19') in 0.023499 seconds
Number of updated asset objects reloaded before import = 0Number of asset objects unloaded after import = 9

========================================================================
Received Import Request.
  Time since last request: 0.000020 seconds.
  path: Assets/Nature and Tank Model Pack/Models/plant_002.fbx
  artifactKey: Guid(048e5870f03e9df49a0d387e10793a71) Importer(815301076,1909f56bfc062723c751e8b465ee728b)
Start importing Assets/Nature and Tank Model Pack/Models/plant_002.fbx using Guid(048e5870f03e9df49a0d387e10793a71) Importer(815301076,1909f56bfc062723c751e8b465ee728b) (PreviewImporter) -> (artifact id: '99057796f954752b86273d9977855902') in 0.0227719 seconds
Number of updated asset objects reloaded before import = 0Number of asset objects unloaded after import = 9

========================================================================
Received Import Request.
  Time since last request: 0.000019 seconds.
  path: Assets/Nature and Tank Model Pack/Models/tree_004.fbx
  artifactKey: Guid(a1f77541cbb2fa34c8f82f6c336a5322) Importer(815301076,1909f56bfc062723c751e8b465ee728b)
Start importing Assets/Nature and Tank Model Pack/Models/tree_004.fbx using Guid(a1f77541cbb2fa34c8f82f6c336a5322) Importer(815301076,1909f56bfc062723c751e8b465ee728b) (PreviewImporter) -> (artifact id: 'c0ca0f32badcd5ad8a4618f518ffd524') in 0.0221914 seconds
Number of updated asset objects reloaded before import = 0Number of asset objects unloaded after import = 9

========================================================================
Received Import Request.
  Time since last request: 0.000018 seconds.
  path: Assets/Nature and Tank Model Pack/Models/rock_010.fbx
  artifactKey: Guid(c244509c25d71314cac5d47faa061846) Importer(815301076,1909f56bfc062723c751e8b465ee728b)
Start importing Assets/Nature and Tank Model Pack/Models/rock_010.fbx using Guid(c244509c25d71314cac5d47faa061846) Importer(815301076,1909f56bfc062723c751e8b465ee728b) (PreviewImporter) -> (artifact id: 'cc2b01e00912d74a8ffc2ac2e9934c73') in 0.0225261 seconds
Number of updated asset objects reloaded before import = 0Number of asset objects unloaded after import = 9

========================================================================
Received Import Request.
  Time since last request: 0.000021 seconds.
  path: Assets/Nature and Tank Model Pack/Models/canon_001.fbx
  artifactKey: Guid(431db612f98c9df4ab2eac05d2b1dc1a) Importer(815301076,1909f56bfc062723c751e8b465ee728b)
Start importing Assets/Nature and Tank Model Pack/Models/canon_001.fbx using Guid(431db612f98c9df4ab2eac05d2b1dc1a) Importer(815301076,1909f56bfc062723c751e8b465ee728b) (PreviewImporter) -> (artifact id: 'd3a0d8ae2b94476df670225f4c319616') in 0.0210969 seconds
Number of updated asset objects reloaded before import = 0Number of asset objects unloaded after import = 9

========================================================================
Received Import Request.
  Time since last request: 0.000023 seconds.
  path: Assets/Nature and Tank Model Pack/Models/rock_006.fbx
  artifactKey: Guid(251c163e85d6ed54b97bae4a35a508ca) Importer(815301076,1909f56bfc062723c751e8b465ee728b)
Start importing Assets/Nature and Tank Model Pack/Models/rock_006.fbx using Guid(251c163e85d6ed54b97bae4a35a508ca) Importer(815301076,1909f56bfc062723c751e8b465ee728b) (PreviewImporter) -> (artifact id: '0e85c7ae7d0ce016cb949fcb15507820') in 0.0217136 seconds
Number of updated asset objects reloaded before import = 0Number of asset objects unloaded after import = 9

========================================================================
Received Import Request.
  Time since last request: 0.000022 seconds.
  path: Assets/Nature and Tank Model Pack/Models/tank-body_003.fbx
  artifactKey: Guid(b1dbc00a9e23de640a0978000dee4b52) Importer(815301076,1909f56bfc062723c751e8b465ee728b)
Start importing Assets/Nature and Tank Model Pack/Models/tank-body_003.fbx using Guid(b1dbc00a9e23de640a0978000dee4b52) Importer(815301076,1909f56bfc062723c751e8b465ee728b) (PreviewImporter) -> (artifact id: 'db2f6c8624e31334cbfac9e4bff5b763') in 0.0219176 seconds
Number of updated asset objects reloaded before import = 0Number of asset objects unloaded after import = 9

========================================================================
Received Import Request.
  Time since last request: 0.000034 seconds.
  path: Assets/Nature and Tank Model Pack/Models/rock_001.fbx
  artifactKey: Guid(181c4be208731034d8fe78adb5872d52) Importer(815301076,1909f56bfc062723c751e8b465ee728b)
Start importing Assets/Nature and Tank Model Pack/Models/rock_001.fbx using Guid(181c4be208731034d8fe78adb5872d52) Importer(815301076,1909f56bfc062723c751e8b465ee728b) (PreviewImporter) -> (artifact id: '0c277e193dca5f971184e673d7acacf4') in 0.0216124 seconds
Number of updated asset objects reloaded before import = 0Number of asset objects unloaded after import = 9

========================================================================
Received Import Request.
  Time since last request: 270.886756 seconds.
  path: Assets/Resources/String.prefab
  artifactKey: Guid(3e02f1ba411da8340a2dd5a7e3ec3232) Importer(815301076,1909f56bfc062723c751e8b465ee728b)
Start importing Assets/Resources/String.prefab using Guid(3e02f1ba411da8340a2dd5a7e3ec3232) Importer(815301076,1909f56bfc062723c751e8b465ee728b) (PreviewImporter) -> (artifact id: '25a90b443569118e13ec126fd9392ac1') in 0.0052616 seconds
Number of updated asset objects reloaded before import = 0Number of asset objects unloaded after import = 7

========================================================================
Received Prepare
Refreshing native plugins compatible for Editor in 15.76 ms, found 6 plugins.
Preloading 0 native plugins for Editor in 0.00 ms.
Unloading 0 Unused Serialized files (Serialized files now loaded: 0)
Unloading 3814 unused Assets / (0.9 MB). Loaded Objects now: 4479.
Memory consumption went from 120.9 MB to 120.0 MB.
Total: 11.121400 ms (FindLiveObjects: 0.768000 ms CreateObjectMapping: 0.280600 ms MarkObjects: 8.612500 ms  DeleteObjects: 1.458100 ms)

Prepare: number of updated asset objects reloaded= 0
========================================================================
Received Import Request.
  Time since last request: 49.291265 seconds.
  path: Assets/Script/Managers/MasterManager.cs
  artifactKey: Guid(e368c55bbdf66374189d053af943b370) Importer(815301076,1909f56bfc062723c751e8b465ee728b)
Start importing Assets/Script/Managers/MasterManager.cs using Guid(e368c55bbdf66374189d053af943b370) Importer(815301076,1909f56bfc062723c751e8b465ee728b) (PreviewImporter) -> (artifact id: 'd660b66a6d1a5352d1f52bacc62d8305') in 0.0024665 seconds
Number of updated asset objects reloaded before import = 0Number of asset objects unloaded after import = 0

========================================================================
Received Prepare
Refreshing native plugins compatible for Editor in 20.03 ms, found 6 plugins.
Preloading 0 native plugins for Editor in 0.00 ms.
Unloading 0 Unused Serialized files (Serialized files now loaded: 0)
Unloading 3814 unused Assets / (1.0 MB). Loaded Objects now: 4479.
Memory consumption went from 120.9 MB to 119.8 MB.
Total: 12.516700 ms (FindLiveObjects: 0.757100 ms CreateObjectMapping: 0.392500 ms MarkObjects: 9.467800 ms  DeleteObjects: 1.897500 ms)

Prepare: number of updated asset objects reloaded= 0
========================================================================
Received Prepare
Begin MonoManager ReloadAssembly
- Loaded All Assemblies, in  0.898 seconds
Refreshing native plugins compatible for Editor in 12.34 ms, found 6 plugins.
Native extension for Android target not found
Native extension for WindowsStandalone target not found
Mono: successfully reloaded assembly
- Finished resetting the current domain, in  1.209 seconds
Domain Reload Profiling: 2102ms
	BeginReloadAssembly (260ms)
		ExecutionOrderSort (0ms)
		DisableScriptedObjects (6ms)
		BackupInstance (0ms)
		ReleaseScriptingObjects (0ms)
		CreateAndSetChildDomain (63ms)
	RebuildCommonClasses (52ms)
	RebuildNativeTypeToScriptingClass (20ms)
	initialDomainReloadingComplete (38ms)
	LoadAllAssembliesAndSetupDomain (524ms)
		LoadAssemblies (459ms)
		RebuildTransferFunctionScriptingTraits (0ms)
		AnalyzeDomain (209ms)
			TypeCache.Refresh (10ms)
				TypeCache.ScanAssembly (2ms)
			BuildScriptInfoCaches (183ms)
			ResolveRequiredComponents (11ms)
	FinalizeReload (1209ms)
		ReleaseScriptCaches (0ms)
		RebuildScriptCaches (0ms)
		SetupLoadedEditorAssemblies (904ms)
			LogAssemblyErrors (0ms)
			InitializePlatformSupportModulesInManaged (13ms)
			SetLoadedEditorAssemblies (4ms)
			BeforeProcessingInitializeOnLoad (72ms)
			ProcessInitializeOnLoadAttributes (773ms)
			ProcessInitializeOnLoadMethodAttributes (32ms)
			AfterProcessingInitializeOnLoad (10ms)
			EditorAssembliesLoaded (0ms)
		ExecutionOrderSort2 (0ms)
		AwakeInstancesAfterBackupRestoration (18ms)
Refreshing native plugins compatible for Editor in 12.91 ms, found 6 plugins.
Preloading 0 native plugins for Editor in 0.00 ms.
Unloading 0 Unused Serialized files (Serialized files now loaded: 0)
Unloading 3860 unused Assets / (0.7 MB). Loaded Objects now: 4479.
Memory consumption went from 120.4 MB to 119.7 MB.
Total: 7.423000 ms (FindLiveObjects: 0.599000 ms CreateObjectMapping: 0.266700 ms MarkObjects: 5.505000 ms  DeleteObjects: 1.051000 ms)

Prepare: number of updated asset objects reloaded= 0
========================================================================
Received Prepare
Refreshing native plugins compatible for Editor in 14.61 ms, found 6 plugins.
Preloading 0 native plugins for Editor in 0.00 ms.
Unloading 0 Unused Serialized files (Serialized files now loaded: 0)
Unloading 3813 unused Assets / (1.1 MB). Loaded Objects now: 4478.
Memory consumption went from 120.3 MB to 119.2 MB.
Total: 9.845200 ms (FindLiveObjects: 0.791600 ms CreateObjectMapping: 0.291100 ms MarkObjects: 6.618400 ms  DeleteObjects: 2.142400 ms)

Prepare: number of updated asset objects reloaded= 0
========================================================================
Received Prepare
Begin MonoManager ReloadAssembly
- Loaded All Assemblies, in  0.757 seconds
Refreshing native plugins compatible for Editor in 12.50 ms, found 6 plugins.
Native extension for Android target not found
Native extension for WindowsStandalone target not found
Mono: successfully reloaded assembly
- Finished resetting the current domain, in  1.075 seconds
Domain Reload Profiling: 1828ms
	BeginReloadAssembly (230ms)
		ExecutionOrderSort (0ms)
		DisableScriptedObjects (5ms)
		BackupInstance (0ms)
		ReleaseScriptingObjects (0ms)
		CreateAndSetChildDomain (50ms)
	RebuildCommonClasses (47ms)
	RebuildNativeTypeToScriptingClass (14ms)
	initialDomainReloadingComplete (30ms)
	LoadAllAssembliesAndSetupDomain (433ms)
		LoadAssemblies (378ms)
		RebuildTransferFunctionScriptingTraits (0ms)
		AnalyzeDomain (182ms)
			TypeCache.Refresh (10ms)
				TypeCache.ScanAssembly (2ms)
			BuildScriptInfoCaches (159ms)
			ResolveRequiredComponents (8ms)
	FinalizeReload (1075ms)
		ReleaseScriptCaches (0ms)
		RebuildScriptCaches (0ms)
		SetupLoadedEditorAssemblies (837ms)
			LogAssemblyErrors (0ms)
			InitializePlatformSupportModulesInManaged (11ms)
			SetLoadedEditorAssemblies (3ms)
			BeforeProcessingInitializeOnLoad (54ms)
			ProcessInitializeOnLoadAttributes (736ms)
			ProcessInitializeOnLoadMethodAttributes (24ms)
			AfterProcessingInitializeOnLoad (8ms)
			EditorAssembliesLoaded (0ms)
		ExecutionOrderSort2 (0ms)
		AwakeInstancesAfterBackupRestoration (15ms)
Refreshing native plugins compatible for Editor in 12.25 ms, found 6 plugins.
Preloading 0 native plugins for Editor in 0.00 ms.
Unloading 0 Unused Serialized files (Serialized files now loaded: 0)
Unloading 3859 unused Assets / (0.8 MB). Loaded Objects now: 4479.
Memory consumption went from 120.4 MB to 119.6 MB.
Total: 9.183200 ms (FindLiveObjects: 0.850900 ms CreateObjectMapping: 0.275600 ms MarkObjects: 6.667200 ms  DeleteObjects: 1.388100 ms)

Prepare: number of updated asset objects reloaded= 0
========================================================================
Received Prepare
Refreshing native plugins compatible for Editor in 13.25 ms, found 6 plugins.
Preloading 0 native plugins for Editor in 0.00 ms.
Unloading 0 Unused Serialized files (Serialized files now loaded: 0)
Unloading 3814 unused Assets / (0.8 MB). Loaded Objects now: 4480.
Memory consumption went from 120.3 MB to 119.5 MB.
Total: 9.716900 ms (FindLiveObjects: 0.714600 ms CreateObjectMapping: 0.277400 ms MarkObjects: 7.205600 ms  DeleteObjects: 1.517200 ms)

Prepare: number of updated asset objects reloaded= 0
========================================================================
Received Import Request.
  Time since last request: 660.628159 seconds.
  path: Assets/Script/Managers/NewMonoBehaviourScript.cs
  artifactKey: Guid(8596450c6219a27439ee50d474a5f5fa) Importer(815301076,1909f56bfc062723c751e8b465ee728b)
Start importing Assets/Script/Managers/NewMonoBehaviourScript.cs using Guid(8596450c6219a27439ee50d474a5f5fa) Importer(815301076,1909f56bfc062723c751e8b465ee728b) (PreviewImporter) -> (artifact id: 'c6cbfd50ab54d926cacd78b02da61565') in 0.0057612 seconds
Number of updated asset objects reloaded before import = 0Number of asset objects unloaded after import = 0

========================================================================
Received Prepare
Refreshing native plugins compatible for Editor in 19.27 ms, found 6 plugins.
Preloading 0 native plugins for Editor in 0.00 ms.
Unloading 0 Unused Serialized files (Serialized files now loaded: 0)
Unloading 3813 unused Assets / (0.8 MB). Loaded Objects now: 4479.
Memory consumption went from 120.3 MB to 119.5 MB.
Total: 9.980800 ms (FindLiveObjects: 0.752900 ms CreateObjectMapping: 0.264900 ms MarkObjects: 7.484700 ms  DeleteObjects: 1.476700 ms)

Prepare: number of updated asset objects reloaded= 0
========================================================================
Received Prepare
Begin MonoManager ReloadAssembly
- Loaded All Assemblies, in  0.778 seconds
Refreshing native plugins compatible for Editor in 10.11 ms, found 6 plugins.
Native extension for Android target not found
Native extension for WindowsStandalone target not found
Mono: successfully reloaded assembly
- Finished resetting the current domain, in  1.071 seconds
Domain Reload Profiling: 1846ms
	BeginReloadAssembly (234ms)
		ExecutionOrderSort (0ms)
		DisableScriptedObjects (5ms)
		BackupInstance (0ms)
		ReleaseScriptingObjects (0ms)
		CreateAndSetChildDomain (54ms)
	RebuildCommonClasses (46ms)
	RebuildNativeTypeToScriptingClass (14ms)
	initialDomainReloadingComplete (32ms)
	LoadAllAssembliesAndSetupDomain (448ms)
		LoadAssemblies (385ms)
		RebuildTransferFunctionScriptingTraits (0ms)
		AnalyzeDomain (195ms)
			TypeCache.Refresh (7ms)
				TypeCache.ScanAssembly (0ms)
			BuildScriptInfoCaches (175ms)
			ResolveRequiredComponents (9ms)
	FinalizeReload (1072ms)
		ReleaseScriptCaches (0ms)
		RebuildScriptCaches (0ms)
		SetupLoadedEditorAssemblies (829ms)
			LogAssemblyErrors (0ms)
			InitializePlatformSupportModulesInManaged (12ms)
			SetLoadedEditorAssemblies (4ms)
			BeforeProcessingInitializeOnLoad (55ms)
			ProcessInitializeOnLoadAttributes (726ms)
			ProcessInitializeOnLoadMethodAttributes (24ms)
			AfterProcessingInitializeOnLoad (8ms)
			EditorAssembliesLoaded (0ms)
		ExecutionOrderSort2 (0ms)
		AwakeInstancesAfterBackupRestoration (21ms)
Refreshing native plugins compatible for Editor in 12.46 ms, found 6 plugins.
Preloading 0 native plugins for Editor in 0.00 ms.
Unloading 0 Unused Serialized files (Serialized files now loaded: 0)
Unloading 3859 unused Assets / (0.8 MB). Loaded Objects now: 4480.
Memory consumption went from 120.4 MB to 119.6 MB.
Total: 9.162800 ms (FindLiveObjects: 0.769300 ms CreateObjectMapping: 0.327000 ms MarkObjects: 6.660800 ms  DeleteObjects: 1.404000 ms)

Prepare: number of updated asset objects reloaded= 0
========================================================================
Received Prepare
Refreshing native plugins compatible for Editor in 19.45 ms, found 6 plugins.
Preloading 0 native plugins for Editor in 0.00 ms.
Unloading 0 Unused Serialized files (Serialized files now loaded: 0)
Unloading 3814 unused Assets / (0.9 MB). Loaded Objects now: 4481.
Memory consumption went from 120.3 MB to 119.4 MB.
Total: 9.863500 ms (FindLiveObjects: 1.195100 ms CreateObjectMapping: 0.371800 ms MarkObjects: 6.862300 ms  DeleteObjects: 1.432600 ms)

Prepare: number of updated asset objects reloaded= 0
========================================================================
Received Import Request.
  Time since last request: 17.954175 seconds.
  path: Assets/Script/Managers/NickNameManager.cs
  artifactKey: Guid(531e0ae4bed9df04bbe2e89348d2a50c) Importer(815301076,1909f56bfc062723c751e8b465ee728b)
Start importing Assets/Script/Managers/NickNameManager.cs using Guid(531e0ae4bed9df04bbe2e89348d2a50c) Importer(815301076,1909f56bfc062723c751e8b465ee728b) (PreviewImporter) -> (artifact id: '96e0fe579bc1ef4836d38e79872f0f31') in 0.0036324 seconds
Number of updated asset objects reloaded before import = 0Number of asset objects unloaded after import = 0

========================================================================
Received Prepare
Refreshing native plugins compatible for Editor in 20.68 ms, found 6 plugins.
Preloading 0 native plugins for Editor in 0.00 ms.
Unloading 0 Unused Serialized files (Serialized files now loaded: 0)
Unloading 3814 unused Assets / (0.8 MB). Loaded Objects now: 4481.
Memory consumption went from 120.3 MB to 119.5 MB.
Total: 12.605500 ms (FindLiveObjects: 0.730700 ms CreateObjectMapping: 0.362800 ms MarkObjects: 9.751900 ms  DeleteObjects: 1.758500 ms)

Prepare: number of updated asset objects reloaded= 0
========================================================================
Received Import Request.
  Time since last request: 283.387980 seconds.
  path: Assets/Script/Managers/NickNameManager.cs
  artifactKey: Guid(531e0ae4bed9df04bbe2e89348d2a50c) Importer(815301076,1909f56bfc062723c751e8b465ee728b)
Start importing Assets/Script/Managers/NickNameManager.cs using Guid(531e0ae4bed9df04bbe2e89348d2a50c) Importer(815301076,1909f56bfc062723c751e8b465ee728b) (PreviewImporter) -> (artifact id: 'a8266d6f7464c36308becfafa3e81aa5') in 0.0055016 seconds
Number of updated asset objects reloaded before import = 0Number of asset objects unloaded after import = 0

========================================================================
Received Prepare
Refreshing native plugins compatible for Editor in 18.79 ms, found 6 plugins.
Preloading 0 native plugins for Editor in 0.00 ms.
Unloading 0 Unused Serialized files (Serialized files now loaded: 0)
Unloading 3814 unused Assets / (1.0 MB). Loaded Objects now: 4481.
Memory consumption went from 120.3 MB to 119.3 MB.
Total: 13.494500 ms (FindLiveObjects: 1.206600 ms CreateObjectMapping: 1.164900 ms MarkObjects: 9.151800 ms  DeleteObjects: 1.969600 ms)

Prepare: number of updated asset objects reloaded= 0
========================================================================
Received Prepare
Begin MonoManager ReloadAssembly
- Loaded All Assemblies, in  0.880 seconds
Refreshing native plugins compatible for Editor in 12.56 ms, found 6 plugins.
Native extension for Android target not found
Native extension for WindowsStandalone target not found
Mono: successfully reloaded assembly
- Finished resetting the current domain, in  1.148 seconds
Domain Reload Profiling: 2021ms
	BeginReloadAssembly (248ms)
		ExecutionOrderSort (0ms)
		DisableScriptedObjects (5ms)
		BackupInstance (0ms)
		ReleaseScriptingObjects (0ms)
		CreateAndSetChildDomain (54ms)
	RebuildCommonClasses (47ms)
	RebuildNativeTypeToScriptingClass (17ms)
	initialDomainReloadingComplete (41ms)
	LoadAllAssembliesAndSetupDomain (519ms)
		LoadAssemblies (441ms)
		RebuildTransferFunctionScriptingTraits (0ms)
		AnalyzeDomain (217ms)
			TypeCache.Refresh (13ms)
				TypeCache.ScanAssembly (3ms)
			BuildScriptInfoCaches (187ms)
			ResolveRequiredComponents (12ms)
	FinalizeReload (1149ms)
		ReleaseScriptCaches (0ms)
		RebuildScriptCaches (0ms)
		SetupLoadedEditorAssemblies (894ms)
			LogAssemblyErrors (0ms)
			InitializePlatformSupportModulesInManaged (12ms)
			SetLoadedEditorAssemblies (3ms)
			BeforeProcessingInitializeOnLoad (61ms)
			ProcessInitializeOnLoadAttributes (781ms)
			ProcessInitializeOnLoadMethodAttributes (26ms)
			AfterProcessingInitializeOnLoad (10ms)
			EditorAssembliesLoaded (0ms)
		ExecutionOrderSort2 (0ms)
		AwakeInstancesAfterBackupRestoration (17ms)
Refreshing native plugins compatible for Editor in 14.68 ms, found 6 plugins.
Preloading 0 native plugins for Editor in 0.00 ms.
Unloading 0 Unused Serialized files (Serialized files now loaded: 0)
Unloading 3860 unused Assets / (0.8 MB). Loaded Objects now: 4482.
Memory consumption went from 120.4 MB to 119.6 MB.
Total: 8.839800 ms (FindLiveObjects: 0.723300 ms CreateObjectMapping: 0.282900 ms MarkObjects: 6.476000 ms  DeleteObjects: 1.356200 ms)

Prepare: number of updated asset objects reloaded= 0
